<?xml version="1.0" encoding="UTF-8"?>
<robot generator="Robot 7.3.2 (Python 3.10.20 on linux)" generated="2026-04-20T08:47:57.946850" rpa="false" schemaversion="5">
<suite id="s1" name="Tests" source="/home/runner/work/Robot-Framework/Robot-Framework/tests">
<suite id="s1-s1" name="MSIG" source="/home/runner/work/Robot-Framework/Robot-Framework/tests/MSIG">
<suite id="s1-s1-s1" name="E2E" source="/home/runner/work/Robot-Framework/Robot-Framework/tests/MSIG/E2E.robot">
<test id="s1-s1-s1-t1" name="TC_E2E_001" line="10">
<kw name="Launch URL and Login in to the application" owner="common_keywords" type="SETUP">
<kw name="Open Browser and Launch URL" owner="browser">
<kw name="New Browser" owner="Browser">
<msg time="2026-04-20T08:47:59.925447" level="INFO">{"browser": "chromium", "headless": true, "chromiumSandbox": false, "devtools": false, "handleSIGHUP": true, "handleSIGINT": true, "handleSIGTERM": true, "slowMo": 0.0, "timeout": 30000.0, "tracesDir": "/home/runner/work/Robot-Framework/Robot-Framework/results/pabot_results/0/browser/traces/temp/d3a52e05-2c4e-471e-80d3-224a193a934c"}</msg>
<msg time="2026-04-20T08:47:59.928837" level="INFO">Starting Browser process /opt/hostedtoolcache/Python/3.10.20/x64/lib/python3.10/site-packages/Browser/wrapper/index.js using at 127.0.0.1:47871</msg>
<msg time="2026-04-20T08:48:00.497033" level="INFO">Successfully created browser with options: {"browser":"chromium","headless":true,"chromiumSandbox":false,"devtools":false,"handleSIGHUP":true,"handleSIGINT":true,"handleSIGTERM":true,"slowMo":0,"timeout":30000,"tracesDir":"/home/runner/work/Robot-Framework/Robot-Framework/results/pabot_results/0/browser/traces/temp/d3a52e05-2c4e-471e-80d3-224a193a934c"}</msg>
<arg>${browser}</arg>
<arg>headless=${headless}</arg>
<tag>BrowserControl</tag>
<tag>Setter</tag>
<doc>Create a new playwright Browser with specified options.</doc>
<status status="PASS" start="2026-04-20T08:47:59.924615" elapsed="0.572696"/>
</kw>
<kw name="New Context" owner="Browser">
<msg time="2026-04-20T08:48:00.524653" level="INFO">{
  "acceptDownloads": true,
  "bypassCSP": false,
  "forcedColors": "none",
  "ignoreHTTPSErrors": false,
  "javaScriptEnabled": true,
  "offline": false,
  "reducedMotion": "no-preference",
  "serviceWorkers": "allow",
  "viewport": {
    "width": 1280,
    "height": 720
  }
}</msg>
<msg time="2026-04-20T08:48:00.534257" level="INFO">Successfully created context. </msg>
<msg time="2026-04-20T08:48:00.534349" level="INFO">{'acceptDownloads': True, 'bypassCSP': False, 'forcedColors': 'none', 'ignoreHTTPSErrors': False, 'javaScriptEnabled': True, 'offline': False, 'reducedMotion': 'no-preference', 'serviceWorkers': 'allow', 'viewport': {'width': 1280, 'height': 720}}</msg>
<tag>BrowserControl</tag>
<tag>Setter</tag>
<doc>Create a new BrowserContext with specified options.</doc>
<status status="PASS" start="2026-04-20T08:48:00.497740" elapsed="0.036703"/>
</kw>
<kw name="New Page" owner="Browser">
<msg time="2026-04-20T08:48:01.689665" level="INFO">Successfully initialized new page object and opened url: https://staging.convr.io/</msg>
<arg>${url}</arg>
<arg>wait_until=load</arg>
<tag>BrowserControl</tag>
<tag>Setter</tag>
<doc>Open a new Page.</doc>
<status status="PASS" start="2026-04-20T08:48:00.534802" elapsed="1.155261"/>
</kw>
<doc>Opens a new browser instance and navigates to the specified URL.
Arguments:
    - url (optional): The URL to open. Defaults to https://staging.convr.io/.
    - browser (optional): The browser to use. Defaults to chromium.
    - headless (optional): Whether to run in headless mode. Defaults to True.
Example:
    Open Browser and Launch URL    url=https://example.com    browser=firefox    headless=False</doc>
<status status="PASS" start="2026-04-20T08:47:59.923369" elapsed="1.767063"/>
</kw>
<kw name="Handle Future Dialogs" owner="Browser">
<arg>accept</arg>
<tag>PageContent</tag>
<doc>Handle next dialog on page with ``action``.</doc>
<status status="PASS" start="2026-04-20T08:48:01.691112" elapsed="0.006011"/>
</kw>
<kw name="Login With Username And Password" owner="login_page">
<kw name="Run Keyword And Return Status" owner="BuiltIn">
<kw name="Wait For Elements State" owner="Browser">
<msg time="2026-04-20T08:48:01.779626" level="INFO">Waited for Element with selector id=realmInput at state visible</msg>
<arg>${Email}</arg>
<arg>visible</arg>
<arg>timeout=${element_timeout}</arg>
<tag>PageContent</tag>
<tag>Wait</tag>
<doc>Waits for the element found by ``selector`` to satisfy state option.</doc>
<status status="PASS" start="2026-04-20T08:48:01.717475" elapsed="0.062459"/>
</kw>
<msg time="2026-04-20T08:48:01.780400" level="INFO">${visible} = True</msg>
<var>${visible}</var>
<arg>Wait For Elements State</arg>
<arg>${Email}</arg>
<arg>visible</arg>
<arg>timeout=${element_timeout}</arg>
<doc>Runs the given keyword with given arguments and returns the status as a Boolean value.</doc>
<status status="PASS" start="2026-04-20T08:48:01.717052" elapsed="0.063439"/>
</kw>
<if>
<branch type="IF" condition="'${visible}' == 'False'">
<kw name="Fatal Error" owner="BuiltIn">
<arg>Email field not available on Login page. Stopping entire suite execution.</arg>
<doc>Stops the whole test execution.</doc>
<status status="NOT RUN" start="2026-04-20T08:48:01.783368" elapsed="0.000209"/>
</kw>
<status status="NOT RUN" start="2026-04-20T08:48:01.782652" elapsed="0.001069"/>
</branch>
<status status="PASS" start="2026-04-20T08:48:01.782571" elapsed="0.001286"/>
</if>
<kw name="Run Keyword And Return Status" owner="BuiltIn">
<kw name="Type Text" owner="Browser">
<msg time="2026-04-20T08:48:01.787665" level="INFO">Types the text 'prabhakaran.sundaram-gdt+msig@convr.com' in the given field.</msg>
<arg>${Email}</arg>
<arg>${data_userName}</arg>
<tag>PageContent</tag>
<tag>Setter</tag>
<doc>Types the given ``txt`` into the text field found by ``selector``.</doc>
<status status="PASS" start="2026-04-20T08:48:01.786754" elapsed="0.188153"/>
</kw>
<msg time="2026-04-20T08:48:01.975223" level="INFO">${typedEmail} = True</msg>
<var>${typedEmail}</var>
<arg>Type Text</arg>
<arg>${Email}</arg>
<arg>${data_userName}</arg>
<doc>Runs the given keyword with given arguments and returns the status as a Boolean value.</doc>
<status status="PASS" start="2026-04-20T08:48:01.784146" elapsed="0.191129"/>
</kw>
<if>
<branch type="IF" condition="'${typedEmail}' == 'False'">
<kw name="Fatal Error" owner="BuiltIn">
<arg>Failed to type email in Email field on login page. Stopping entire suite execution.</arg>
<doc>Stops the whole test execution.</doc>
<status status="NOT RUN" start="2026-04-20T08:48:01.975906" elapsed="0.000104"/>
</kw>
<status status="NOT RUN" start="2026-04-20T08:48:01.975458" elapsed="0.000642"/>
</branch>
<status status="PASS" start="2026-04-20T08:48:01.975420" elapsed="0.000816"/>
</if>
<kw name="Run Keyword And Return Status" owner="BuiltIn">
<kw name="Click" owner="Browser">
<msg time="2026-04-20T08:48:01.977409" level="INFO">Clicks the element 'id=realmButton'.</msg>
<arg>${NextButton}</arg>
<tag>PageContent</tag>
<tag>Setter</tag>
<doc>Simulates mouse click on the element found by ``selector``.</doc>
<status status="PASS" start="2026-04-20T08:48:01.976852" elapsed="0.050255"/>
</kw>
<msg time="2026-04-20T08:48:02.027442" level="INFO">${nextClicked} = True</msg>
<var>${nextClicked}</var>
<arg>Click</arg>
<arg>${NextButton}</arg>
<doc>Runs the given keyword with given arguments and returns the status as a Boolean value.</doc>
<status status="PASS" start="2026-04-20T08:48:01.976491" elapsed="0.050998"/>
</kw>
<if>
<branch type="IF" condition="'${nextClicked}' == 'False'">
<kw name="Fatal Error" owner="BuiltIn">
<arg>Next button not clickable on login page. Stopping entire suite execution.</arg>
<doc>Stops the whole test execution.</doc>
<status status="NOT RUN" start="2026-04-20T08:48:02.028101" elapsed="0.000130"/>
</kw>
<status status="NOT RUN" start="2026-04-20T08:48:02.027662" elapsed="0.000666"/>
</branch>
<status status="PASS" start="2026-04-20T08:48:02.027625" elapsed="0.000782"/>
</if>
<kw name="Run Keyword And Return Status" owner="BuiltIn">
<kw name="Wait For Elements State" owner="Browser">
<msg time="2026-04-20T08:48:02.242190" level="INFO">Waited for Element with selector id=username at state visible</msg>
<arg>${LoginUser}</arg>
<arg>visible</arg>
<arg>timeout=${element_timeout}</arg>
<tag>PageContent</tag>
<tag>Wait</tag>
<doc>Waits for the element found by ``selector`` to satisfy state option.</doc>
<status status="PASS" start="2026-04-20T08:48:02.028889" elapsed="0.213735"/>
</kw>
<msg time="2026-04-20T08:48:02.243080" level="INFO">${visible} = True</msg>
<var>${visible}</var>
<arg>Wait For Elements State</arg>
<arg>${LoginUser}</arg>
<arg>visible</arg>
<arg>timeout=${element_timeout}</arg>
<doc>Runs the given keyword with given arguments and returns the status as a Boolean value.</doc>
<status status="PASS" start="2026-04-20T08:48:02.028575" elapsed="0.214583"/>
</kw>
<if>
<branch type="IF" condition="'${visible}' == 'False'">
<kw name="Fatal Error" owner="BuiltIn">
<arg>Login username field not visible. Stopping entire suite execution.</arg>
<doc>Stops the whole test execution.</doc>
<status status="NOT RUN" start="2026-04-20T08:48:02.244266" elapsed="0.000402"/>
</kw>
<status status="NOT RUN" start="2026-04-20T08:48:02.243551" elapsed="0.001271"/>
</branch>
<status status="PASS" start="2026-04-20T08:48:02.243491" elapsed="0.001456"/>
</if>
<kw name="Run Keyword And Return Status" owner="BuiltIn">
<kw name="Fill Text" owner="Browser">
<msg time="2026-04-20T08:48:02.246827" level="INFO">Fills the text 'prabhakaran.sundaram-gdt+msig@convr.com' in the given field.</msg>
<arg>${LoginUser}</arg>
<arg>${data_userName}</arg>
<tag>PageContent</tag>
<tag>Setter</tag>
<doc>Clears and fills the given ``txt`` into the text field found by ``selector``.</doc>
<status status="PASS" start="2026-04-20T08:48:02.245854" elapsed="0.022289"/>
</kw>
<msg time="2026-04-20T08:48:02.268586" level="INFO">${typedUser} = True</msg>
<var>${typedUser}</var>
<arg>Fill Text</arg>
<arg>${LoginUser}</arg>
<arg>${data_userName}</arg>
<doc>Runs the given keyword with given arguments and returns the status as a Boolean value.</doc>
<status status="PASS" start="2026-04-20T08:48:02.245316" elapsed="0.023349"/>
</kw>
<if>
<branch type="IF" condition="'${typedUser}' == 'False'">
<kw name="Fatal Error" owner="BuiltIn">
<arg>Failed to type username in LoginUser field. Stopping entire suite execution.</arg>
<doc>Stops the whole test execution.</doc>
<status status="NOT RUN" start="2026-04-20T08:48:02.273679" elapsed="0.000198"/>
</kw>
<status status="NOT RUN" start="2026-04-20T08:48:02.268941" elapsed="0.005089"/>
</branch>
<status status="PASS" start="2026-04-20T08:48:02.268887" elapsed="0.005266"/>
</if>
<kw name="Run Keyword And Return Status" owner="BuiltIn">
<kw name="Wait For Elements State" owner="Browser">
<msg time="2026-04-20T08:48:02.293279" level="INFO">Waited for Element with selector id=password at state visible</msg>
<arg>${LoginPassword}</arg>
<arg>visible</arg>
<arg>timeout=${element_timeout}</arg>
<tag>PageContent</tag>
<tag>Wait</tag>
<doc>Waits for the element found by ``selector`` to satisfy state option.</doc>
<status status="PASS" start="2026-04-20T08:48:02.275015" elapsed="0.018455"/>
</kw>
<msg time="2026-04-20T08:48:02.293716" level="INFO">${visible} = True</msg>
<var>${visible}</var>
<arg>Wait For Elements State</arg>
<arg>${LoginPassword}</arg>
<arg>visible</arg>
<arg>timeout=${element_timeout}</arg>
<doc>Runs the given keyword with given arguments and returns the status as a Boolean value.</doc>
<status status="PASS" start="2026-04-20T08:48:02.274473" elapsed="0.019283"/>
</kw>
<if>
<branch type="IF" condition="'${visible}' == 'False'">
<kw name="Fatal Error" owner="BuiltIn">
<arg>LoginPassword field not available. Stopping entire suite execution.</arg>
<doc>Stops the whole test execution.</doc>
<status status="NOT RUN" start="2026-04-20T08:48:02.294349" elapsed="0.000120"/>
</kw>
<status status="NOT RUN" start="2026-04-20T08:48:02.293919" elapsed="0.000643"/>
</branch>
<status status="PASS" start="2026-04-20T08:48:02.293887" elapsed="0.000754"/>
</if>
<kw name="Run Keyword And Return Status" owner="BuiltIn">
<kw name="Fill Text" owner="Browser">
<msg time="2026-04-20T08:48:02.295641" level="INFO">Fills the text 'Cubes123$' in the given field.</msg>
<arg>${LoginPassword}</arg>
<arg>${data_password}</arg>
<tag>PageContent</tag>
<tag>Setter</tag>
<doc>Clears and fills the given ``txt`` into the text field found by ``selector``.</doc>
<status status="PASS" start="2026-04-20T08:48:02.295094" elapsed="0.009107"/>
</kw>
<msg time="2026-04-20T08:48:02.304432" level="INFO">${typedPassword} = True</msg>
<var>${typedPassword}</var>
<arg>Fill Text</arg>
<arg>${LoginPassword}</arg>
<arg>${data_password}</arg>
<doc>Runs the given keyword with given arguments and returns the status as a Boolean value.</doc>
<status status="PASS" start="2026-04-20T08:48:02.294802" elapsed="0.009672"/>
</kw>
<if>
<branch type="IF" condition="'${typedPassword}' == 'False'">
<kw name="Fatal Error" owner="BuiltIn">
<arg>Failed to type password in LoginPassword field. Stopping entire suite execution.</arg>
<doc>Stops the whole test execution.</doc>
<status status="NOT RUN" start="2026-04-20T08:48:02.304998" elapsed="0.000100"/>
</kw>
<status status="NOT RUN" start="2026-04-20T08:48:02.304636" elapsed="0.000570"/>
</branch>
<status status="PASS" start="2026-04-20T08:48:02.304606" elapsed="0.000684"/>
</if>
<kw name="Run Keyword And Return Status" owner="BuiltIn">
<kw name="Click" owner="Browser">
<msg time="2026-04-20T08:48:02.306268" level="INFO">Clicks the element 'id=kc-login'.</msg>
<arg>${LoginButton}</arg>
<tag>PageContent</tag>
<tag>Setter</tag>
<doc>Simulates mouse click on the element found by ``selector``.</doc>
<status status="PASS" start="2026-04-20T08:48:02.305741" elapsed="0.141238"/>
</kw>
<msg time="2026-04-20T08:48:02.447503" level="INFO">${loginClicked} = True</msg>
<var>${loginClicked}</var>
<arg>Click</arg>
<arg>${LoginButton}</arg>
<doc>Runs the given keyword with given arguments and returns the status as a Boolean value.</doc>
<status status="PASS" start="2026-04-20T08:48:02.305454" elapsed="0.142158"/>
</kw>
<if>
<branch type="IF" condition="'${loginClicked}' == 'False'">
<kw name="Fatal Error" owner="BuiltIn">
<arg>Login button not clickable. Stopping entire suite execution.</arg>
<doc>Stops the whole test execution.</doc>
<status status="NOT RUN" start="2026-04-20T08:48:02.449833" elapsed="0.000214"/>
</kw>
<status status="NOT RUN" start="2026-04-20T08:48:02.447938" elapsed="0.002284"/>
</branch>
<status status="PASS" start="2026-04-20T08:48:02.447876" elapsed="0.002485"/>
</if>
<arg>${Login['username']}</arg>
<arg>${Login['password']}</arg>
<doc>Performs login using username and password. Any failure will stop entire suite execution.</doc>
<status status="PASS" start="2026-04-20T08:48:01.698197" elapsed="0.752284"/>
</kw>
<status status="PASS" start="2026-04-20T08:47:59.922719" elapsed="2.527968"/>
</kw>
<kw name="Run Keyword And Continue On Failure" owner="BuiltIn">
<kw name="Verify My Assignments Tab is displayed as a default tab" owner="my_assignments_page">
<kw name="Run Keyword And Return Status" owner="BuiltIn">
<kw name="Wait For Elements State" owner="Browser">
<msg time="2026-04-20T08:48:06.066089" level="INFO">Waited for Element with selector xpath=//button[normalize-space()='Assigned to me'] at state visible</msg>
<arg>${MyAssignments}</arg>
<arg>visible</arg>
<arg>timeout=30s</arg>
<tag>PageContent</tag>
<tag>Wait</tag>
<doc>Waits for the element found by ``selector`` to satisfy state option.</doc>
<status status="PASS" start="2026-04-20T08:48:02.452981" elapsed="3.613482"/>
</kw>
<msg time="2026-04-20T08:48:06.066937" level="INFO">${tab_visible} = True</msg>
<var>${tab_visible}</var>
<arg>Wait For Elements State</arg>
<arg>${MyAssignments}</arg>
<arg>visible</arg>
<arg>timeout=30s</arg>
<doc>Runs the given keyword with given arguments and returns the status as a Boolean value.</doc>
<status status="PASS" start="2026-04-20T08:48:02.452486" elapsed="3.614533"/>
</kw>
<kw name="Run Keyword And Continue On Failure" owner="BuiltIn">
<kw name="Should Be True" owner="BuiltIn">
<arg>${tab_visible}</arg>
<arg>msg=Verify My Assignments Tab: 'My Assignments' tab is not visible on the page.</arg>
<doc>Fails if the given condition is not true.</doc>
<status status="PASS" start="2026-04-20T08:48:06.071564" elapsed="0.000712"/>
</kw>
<arg>Should Be True</arg>
<arg>${tab_visible}</arg>
<arg>msg=Verify My Assignments Tab: 'My Assignments' tab is not visible on the page.</arg>
<doc>Runs the keyword and continues execution even if a failure occurs.</doc>
<status status="PASS" start="2026-04-20T08:48:06.067596" elapsed="0.004951"/>
</kw>
<kw name="Run Keyword And Return Status" owner="BuiltIn">
<kw name="Get Element States" owner="Browser">
<msg time="2026-04-20T08:48:06.180335" level="INFO">States are: ['attached', 'visible', 'enabled', 'defocused']</msg>
<arg>${MyAssignments}</arg>
<arg>validate</arg>
<arg>value &amp; visible</arg>
<tag>Assertion</tag>
<tag>Getter</tag>
<tag>PageContent</tag>
<doc>Get the active states from the element found by ``selector``.</doc>
<status status="PASS" start="2026-04-20T08:48:06.074946" elapsed="0.105555"/>
</kw>
<msg time="2026-04-20T08:48:06.180948" level="INFO">${tab_state} = True</msg>
<var>${tab_state}</var>
<arg>Get Element States</arg>
<arg>${MyAssignments}</arg>
<arg>validate</arg>
<arg>value &amp; visible</arg>
<doc>Runs the given keyword with given arguments and returns the status as a Boolean value.</doc>
<status status="PASS" start="2026-04-20T08:48:06.072959" elapsed="0.108069"/>
</kw>
<kw name="Run Keyword And Continue On Failure" owner="BuiltIn">
<kw name="Should Be True" owner="BuiltIn">
<arg>${tab_state}</arg>
<arg>msg=Verify My Assignments Tab: 'My Assignments' tab is not in the expected visible state.</arg>
<doc>Fails if the given condition is not true.</doc>
<status status="PASS" start="2026-04-20T08:48:06.182445" elapsed="0.000587"/>
</kw>
<arg>Should Be True</arg>
<arg>${tab_state}</arg>
<arg>msg=Verify My Assignments Tab: 'My Assignments' tab is not in the expected visible state.</arg>
<doc>Runs the keyword and continues execution even if a failure occurs.</doc>
<status status="PASS" start="2026-04-20T08:48:06.181730" elapsed="0.001536"/>
</kw>
<doc>Verifies that the 'My Assignments' tab is visible and selected by default when the page loads.</doc>
<status status="PASS" start="2026-04-20T08:48:02.451749" elapsed="3.731720"/>
</kw>
<arg>Verify My Assignments Tab is displayed as a default tab</arg>
<doc>Runs the keyword and continues execution even if a failure occurs.</doc>
<status status="PASS" start="2026-04-20T08:48:02.451115" elapsed="3.732531"/>
</kw>
<kw name="Run Keywords" owner="BuiltIn" type="TEARDOWN">
<kw name="Close Context" owner="Browser">
<msg time="2026-04-20T08:48:06.188107" level="INFO">Switching browser to CURRENT</msg>
<msg time="2026-04-20T08:48:06.190704" level="INFO">Returned active browser id. CURRENT</msg>
<msg time="2026-04-20T08:48:06.193545" level="INFO">Switching context to CURRENT in CURRENT</msg>
<msg time="2026-04-20T08:48:06.196347" level="INFO">Returned active context id: CURRENT</msg>
<msg time="2026-04-20T08:48:06.197196" level="INFO">Switching context to context=f580ba16-e831-47ee-a9e0-cfffd5535694 in CURRENT</msg>
<msg time="2026-04-20T08:48:06.204946" level="INFO">Successfully changed active context: context=f580ba16-e831-47ee-a9e0-cfffd5535694</msg>
<msg time="2026-04-20T08:48:06.217604" level="INFO">Successfully closed Context</msg>
<tag>BrowserControl</tag>
<tag>Setter</tag>
<doc>Closes a Context.</doc>
<status status="PASS" start="2026-04-20T08:48:06.184442" elapsed="0.033362"/>
</kw>
<kw name="Close Browser" owner="Browser">
<msg time="2026-04-20T08:48:06.248097" level="INFO">Closed browser</msg>
<tag>BrowserControl</tag>
<tag>Setter</tag>
<doc>Closes the current browser.</doc>
<status status="PASS" start="2026-04-20T08:48:06.218371" elapsed="0.029919"/>
</kw>
<arg>Close Context</arg>
<arg>Close Browser</arg>
<doc>Executes all the given keywords in a sequence.</doc>
<status status="PASS" start="2026-04-20T08:48:06.184067" elapsed="0.064402"/>
</kw>
<doc>End to End Testing for New Submission - In Draft Stage: This stage is primarily for Submission Clearance process</doc>
<tag>E2E-WithoutSov</tag>
<status status="PASS" start="2026-04-20T08:47:59.920786" elapsed="6.327801"/>
</test>
<status status="PASS" start="2026-04-20T08:47:57.967914" elapsed="8.286090"/>
</suite>
<status status="PASS" start="2026-04-20T08:47:57.966961" elapsed="8.290879"/>
</suite>
<status status="PASS" start="2026-04-20T08:47:57.951907" elapsed="8.306418"/>
</suite>
<statistics>
<total>
<stat pass="1" fail="0" skip="0">All Tests</stat>
</total>
<tag>
<stat pass="1" fail="0" skip="0">E2E-WithoutSov</stat>
</tag>
<suite>
<stat name="Tests" id="s1" pass="1" fail="0" skip="0">Tests</stat>
<stat name="MSIG" id="s1-s1" pass="1" fail="0" skip="0">Tests.MSIG</stat>
<stat name="E2E" id="s1-s1-s1" pass="1" fail="0" skip="0">Tests.MSIG.E2E</stat>
</suite>
</statistics>
<errors>
<msg time="2026-04-20T08:47:59.917680" level="ERROR">Error in file '/home/runner/work/Robot-Framework/Robot-Framework/tests/MSIG/E2E.robot' on line 5: Library '../../.venv/Lib/site-packages/robot/libraries/Process.py' does not exist.</msg>
</errors>
</robot>
